[debug] [2024-04-01T20:37:23.157Z] ----------------------------------------------------------------------
[debug] [2024-04-01T20:37:23.159Z] Command:       C:\Program Files\nodejs\node.exe C:\Users\O_o\AppData\Roaming\npm\node_modules\firebase-tools\lib\bin\firebase.js init
[debug] [2024-04-01T20:37:23.159Z] CLI Version:   13.6.0
[debug] [2024-04-01T20:37:23.160Z] Platform:      win32
[debug] [2024-04-01T20:37:23.160Z] Node Version:  v20.11.1
[debug] [2024-04-01T20:37:23.160Z] Time:          Tue Apr 02 2024 06:37:23 GMT+1000 (Vladivostok Standard Time)
[debug] [2024-04-01T20:37:23.160Z] ----------------------------------------------------------------------
[debug] 
[debug] [2024-04-01T20:37:23.185Z] > command requires scopes: ["email","openid","https://www.googleapis.com/auth/cloudplatformprojects.readonly","https://www.googleapis.com/auth/firebase","https://www.googleapis.com/auth/cloud-platform"]
[debug] [2024-04-01T20:37:23.186Z] > authorizing via signed-in user (leekaifeng6@gmail.com)
[info] 
     ######## #### ########  ######## ########     ###     ######  ########
     ##        ##  ##     ## ##       ##     ##  ##   ##  ##       ##
     ######    ##  ########  ######   ########  #########  ######  ######
     ##        ##  ##    ##  ##       ##     ## ##     ##       ## ##
     ##       #### ##     ## ######## ########  ##     ##  ######  ########

You're about to initialize a Firebase project in this directory:

  E:\MERN\Education--Site-Brazil

[debug] [2024-04-01T20:40:06.264Z] ----------------------------------------------------------------------
[debug] [2024-04-01T20:40:06.267Z] Command:       C:\Program Files\nodejs\node.exe C:\Users\O_o\AppData\Roaming\npm\node_modules\firebase-tools\lib\bin\firebase.js init hosting
[debug] [2024-04-01T20:40:06.267Z] CLI Version:   13.6.0
[debug] [2024-04-01T20:40:06.267Z] Platform:      win32
[debug] [2024-04-01T20:40:06.267Z] Node Version:  v20.11.1
[debug] [2024-04-01T20:40:06.267Z] Time:          Tue Apr 02 2024 06:40:06 GMT+1000 (Vladivostok Standard Time)
[debug] [2024-04-01T20:40:06.267Z] ----------------------------------------------------------------------
[debug] 
[debug] [2024-04-01T20:40:06.272Z] > command requires scopes: ["email","openid","https://www.googleapis.com/auth/cloudplatformprojects.readonly","https://www.googleapis.com/auth/firebase","https://www.googleapis.com/auth/cloud-platform"]
[debug] [2024-04-01T20:40:06.273Z] > authorizing via signed-in user (leekaifeng6@gmail.com)
[info] 
     ######## #### ########  ######## ########     ###     ######  ########
     ##        ##  ##     ## ##       ##     ##  ##   ##  ##       ##
     ######    ##  ########  ######   ########  #########  ######  ######
     ##        ##  ##    ##  ##       ##     ## ##     ##       ## ##
     ##       #### ##     ## ######## ########  ##     ##  ######  ########

You're about to initialize a Firebase project in this directory:

  E:\MERN\Education--Site-Brazil

[info] 
=== Project Setup
[info] 
[info] First, let's associate this project directory with a Firebase project.
[info] You can create multiple project aliases by running firebase use --add, 
[info] but for now we'll just set up a default project.
[info] 
[debug] [2024-04-01T20:40:46.921Z] >>> [apiv2][query] GET https://firebase.googleapis.com/v1beta1/projects pageSize=100
[debug] [2024-04-01T20:40:47.856Z] <<< [apiv2][status] GET https://firebase.googleapis.com/v1beta1/projects 200
[debug] [2024-04-01T20:40:47.857Z] <<< [apiv2][body] GET https://firebase.googleapis.com/v1beta1/projects [omitted]
[info] i  Using project education-app-d6a57 (Education app) 
[info] 
=== Hosting Setup
[debug] [2024-04-01T20:40:53.299Z] >>> [apiv2][query] GET https://firebase.googleapis.com/v1beta1/projects/education-app-d6a57 [none]
[debug] [2024-04-01T20:40:53.991Z] <<< [apiv2][status] GET https://firebase.googleapis.com/v1beta1/projects/education-app-d6a57 200
[debug] [2024-04-01T20:40:53.992Z] <<< [apiv2][body] GET https://firebase.googleapis.com/v1beta1/projects/education-app-d6a57 {"projectId":"education-app-d6a57","projectNumber":"537209586134","displayName":"Education app","name":"projects/education-app-d6a57","resources":{"hostingSite":"education-app-d6a57"},"state":"ACTIVE","etag":"1_bba5fb7c-2c90-473f-affa-75a2314485a9"}
[info] 
[info] Your public directory is the folder (relative to your project directory) that
[info] will contain Hosting assets to be uploaded with firebase deploy. If you
[info] have a build process for your assets, use your build's output directory.
[info] 
[debug] [2024-04-01T20:42:05.827Z] >>> [apiv2][query] GET https://www.gstatic.com/firebasejs/releases.json [none]
[debug] [2024-04-01T20:42:06.316Z] <<< [apiv2][status] GET https://www.gstatic.com/firebasejs/releases.json 200
[debug] [2024-04-01T20:42:06.316Z] <<< [apiv2][body] GET https://www.gstatic.com/firebasejs/releases.json {"current":{"version":"10.10.0","browserURL":"https://www.gstatic.com/firebasejs/10.10.0/firebase.js","packageURL":"https://www.gstatic.com/firebasejs/10.10.0/firebase.tgz"},"live":{"version":"10.10","browserURL":"https://www.gstatic.com/firebasejs/live/10.10/firebase.js","packageURL":"https://www.gstatic.com/firebasejs/live/10.10/firebase.tgz"},"components":{"analytics":"https://www.gstatic.com/firebasejs/10.10.0/firebase-analytics.js","app":"https://www.gstatic.com/firebasejs/10.10.0/firebase-app.js","app-check":"https://www.gstatic.com/firebasejs/10.10.0/firebase-app-check.js","auth":"https://www.gstatic.com/firebasejs/10.10.0/firebase-auth.js","auth/cordova":"https://www.gstatic.com/firebasejs/10.10.0/firebase-auth/cordova.js","auth/web-extension":"https://www.gstatic.com/firebasejs/10.10.0/firebase-auth/web-extension.js","functions":"https://www.gstatic.com/firebasejs/10.10.0/firebase-functions.js","firestore":"https://www.gstatic.com/firebasejs/10.10.0/firebase-firestore.js","firestore/lite":"https://www.gstatic.com/firebasejs/10.10.0/firebase-firestore/lite.js","installations":"https://www.gstatic.com/firebasejs/10.10.0/firebase-installations.js","storage":"https://www.gstatic.com/firebasejs/10.10.0/firebase-storage.js","performance":"https://www.gstatic.com/firebasejs/10.10.0/firebase-performance.js","remote-config":"https://www.gstatic.com/firebasejs/10.10.0/firebase-remote-config.js","messaging":"https://www.gstatic.com/firebasejs/10.10.0/firebase-messaging.js","messaging/sw":"https://www.gstatic.com/firebasejs/10.10.0/firebase-messaging/sw.js","database":"https://www.gstatic.com/firebasejs/10.10.0/firebase-database.js","firestore.memory":"https://www.gstatic.com/firebasejs/10.10.0/firebase-firestore.memory.js"}}
[info] i  Skipping write of build/index.html 
[info] 
[info] i  Detected a .git folder at E:\MERN\Education--Site-Brazil 
[info] i  Authorizing with GitHub to upload your service account to a GitHub repository's secrets store. 
[info] 
[info] Visit this URL on this device to log in:
[info] https://github.com/login/oauth/authorize?client_id=89cf50f02ac6aaed3484&state=821699824&redirect_uri=http%3A%2F%2Flocalhost%3A9005&scope=read%3Auser%20repo%20public_repo
[info] 
[info] Waiting for authentication...
[debug] [2024-04-01T20:43:24.956Z] >>> [apiv2][query] POST https://github.com/login/oauth/access_token [none]
[debug] [2024-04-01T20:43:24.956Z] >>> [apiv2][body] POST https://github.com/login/oauth/access_token [stream]
[debug] [2024-04-01T20:43:26.254Z] <<< [apiv2][status] POST https://github.com/login/oauth/access_token 200
[debug] [2024-04-01T20:43:26.254Z] <<< [apiv2][body] POST https://github.com/login/oauth/access_token {"access_token":"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","token_type":"bearer","scope":"read:user,repo"}
[debug] [2024-04-01T20:43:26.298Z] >>> [apiv2][query] GET https://api.github.com/user [none]
[debug] [2024-04-01T20:43:28.877Z] <<< [apiv2][status] GET https://api.github.com/user 200
[debug] [2024-04-01T20:43:28.877Z] <<< [apiv2][body] GET https://api.github.com/user {"login":"topdeveloper0810","id":149811277,"node_id":"U_kgDOCO3wTQ","avatar_url":"https://avatars.githubusercontent.com/u/149811277?v=4","gravatar_id":"","url":"https://api.github.com/users/topdeveloper0810","html_url":"https://github.com/topdeveloper0810","followers_url":"https://api.github.com/users/topdeveloper0810/followers","following_url":"https://api.github.com/users/topdeveloper0810/following{/other_user}","gists_url":"https://api.github.com/users/topdeveloper0810/gists{/gist_id}","starred_url":"https://api.github.com/users/topdeveloper0810/starred{/owner}{/repo}","subscriptions_url":"https://api.github.com/users/topdeveloper0810/subscriptions","organizations_url":"https://api.github.com/users/topdeveloper0810/orgs","repos_url":"https://api.github.com/users/topdeveloper0810/repos","events_url":"https://api.github.com/users/topdeveloper0810/events{/privacy}","received_events_url":"https://api.github.com/users/topdeveloper0810/received_events","type":"User","site_admin":false,"name":"TopDeveloper0810","company":null,"blog":"","location":null,"email":null,"hireable":null,"bio":null,"twitter_username":null,"public_repos":22,"public_gists":0,"followers":36,"following":278,"created_at":"2023-11-03T15:28:53Z","updated_at":"2024-04-01T20:44:02Z","private_gists":0,"total_private_repos":3,"owned_private_repos":3,"disk_usage":186650,"collaborators":0,"two_factor_authentication":false,"plan":{"name":"free","space":976562499,"collaborators":0,"private_repos":10000}}
[info] 
[info] +  Success! Logged into GitHub as topdeveloper0810 
[info] 
[debug] [2024-04-01T20:44:11.242Z] ----------------------------------------------------------------------
[debug] [2024-04-01T20:44:11.244Z] Command:       C:\Program Files\nodejs\node.exe C:\Users\O_o\AppData\Roaming\npm\node_modules\firebase-tools\lib\bin\firebase.js init hosting
[debug] [2024-04-01T20:44:11.245Z] CLI Version:   13.6.0
[debug] [2024-04-01T20:44:11.245Z] Platform:      win32
[debug] [2024-04-01T20:44:11.245Z] Node Version:  v20.11.1
[debug] [2024-04-01T20:44:11.245Z] Time:          Tue Apr 02 2024 06:44:11 GMT+1000 (Vladivostok Standard Time)
[debug] [2024-04-01T20:44:11.246Z] ----------------------------------------------------------------------
[debug] 
[debug] [2024-04-01T20:44:11.251Z] > command requires scopes: ["email","openid","https://www.googleapis.com/auth/cloudplatformprojects.readonly","https://www.googleapis.com/auth/firebase","https://www.googleapis.com/auth/cloud-platform"]
[debug] [2024-04-01T20:44:11.252Z] > authorizing via signed-in user (leekaifeng6@gmail.com)
[info] 
     ######## #### ########  ######## ########     ###     ######  ########
     ##        ##  ##     ## ##       ##     ##  ##   ##  ##       ##
     ######    ##  ########  ######   ########  #########  ######  ######
     ##        ##  ##    ##  ##       ##     ## ##     ##       ## ##
     ##       #### ##     ## ######## ########  ##     ##  ######  ########

You're about to initialize a Firebase project in this directory:

  E:\MERN\Education--Site-Brazil

[info] 
=== Project Setup
[info] 
[info] First, let's associate this project directory with a Firebase project.
[info] You can create multiple project aliases by running firebase use --add, 
[info] but for now we'll just set up a default project.
[info] 
[debug] [2024-04-01T20:44:16.863Z] >>> [apiv2][query] GET https://firebase.googleapis.com/v1beta1/projects pageSize=100
[debug] [2024-04-01T20:44:17.809Z] <<< [apiv2][status] GET https://firebase.googleapis.com/v1beta1/projects 200
[debug] [2024-04-01T20:44:17.809Z] <<< [apiv2][body] GET https://firebase.googleapis.com/v1beta1/projects [omitted]
[info] i  Using project education-app-d6a57 (Education app) 
[info] 
=== Hosting Setup
[debug] [2024-04-01T20:44:19.360Z] >>> [apiv2][query] GET https://firebase.googleapis.com/v1beta1/projects/education-app-d6a57 [none]
[debug] [2024-04-01T20:44:19.726Z] <<< [apiv2][status] GET https://firebase.googleapis.com/v1beta1/projects/education-app-d6a57 200
[debug] [2024-04-01T20:44:19.726Z] <<< [apiv2][body] GET https://firebase.googleapis.com/v1beta1/projects/education-app-d6a57 {"projectId":"education-app-d6a57","projectNumber":"537209586134","displayName":"Education app","name":"projects/education-app-d6a57","resources":{"hostingSite":"education-app-d6a57"},"state":"ACTIVE","etag":"1_bba5fb7c-2c90-473f-affa-75a2314485a9"}
[info] 
[info] Your public directory is the folder (relative to your project directory) that
[info] will contain Hosting assets to be uploaded with firebase deploy. If you
[info] have a build process for your assets, use your build's output directory.
[info] 
[debug] [2024-04-01T20:44:27.075Z] >>> [apiv2][query] GET https://www.gstatic.com/firebasejs/releases.json [none]
[debug] [2024-04-01T20:44:27.551Z] <<< [apiv2][status] GET https://www.gstatic.com/firebasejs/releases.json 200
[debug] [2024-04-01T20:44:27.552Z] <<< [apiv2][body] GET https://www.gstatic.com/firebasejs/releases.json {"current":{"version":"10.10.0","browserURL":"https://www.gstatic.com/firebasejs/10.10.0/firebase.js","packageURL":"https://www.gstatic.com/firebasejs/10.10.0/firebase.tgz"},"live":{"version":"10.10","browserURL":"https://www.gstatic.com/firebasejs/live/10.10/firebase.js","packageURL":"https://www.gstatic.com/firebasejs/live/10.10/firebase.tgz"},"components":{"analytics":"https://www.gstatic.com/firebasejs/10.10.0/firebase-analytics.js","app":"https://www.gstatic.com/firebasejs/10.10.0/firebase-app.js","app-check":"https://www.gstatic.com/firebasejs/10.10.0/firebase-app-check.js","auth":"https://www.gstatic.com/firebasejs/10.10.0/firebase-auth.js","auth/cordova":"https://www.gstatic.com/firebasejs/10.10.0/firebase-auth/cordova.js","auth/web-extension":"https://www.gstatic.com/firebasejs/10.10.0/firebase-auth/web-extension.js","functions":"https://www.gstatic.com/firebasejs/10.10.0/firebase-functions.js","firestore":"https://www.gstatic.com/firebasejs/10.10.0/firebase-firestore.js","firestore/lite":"https://www.gstatic.com/firebasejs/10.10.0/firebase-firestore/lite.js","installations":"https://www.gstatic.com/firebasejs/10.10.0/firebase-installations.js","storage":"https://www.gstatic.com/firebasejs/10.10.0/firebase-storage.js","performance":"https://www.gstatic.com/firebasejs/10.10.0/firebase-performance.js","remote-config":"https://www.gstatic.com/firebasejs/10.10.0/firebase-remote-config.js","messaging":"https://www.gstatic.com/firebasejs/10.10.0/firebase-messaging.js","messaging/sw":"https://www.gstatic.com/firebasejs/10.10.0/firebase-messaging/sw.js","database":"https://www.gstatic.com/firebasejs/10.10.0/firebase-database.js","firestore.memory":"https://www.gstatic.com/firebasejs/10.10.0/firebase-firestore.memory.js"}}
[info] i  Skipping write of build/index.html 
[info] 
[info] i  Detected a .git folder at E:\MERN\Education--Site-Brazil 
[info] i  Authorizing with GitHub to upload your service account to a GitHub repository's secrets store. 
[info] 
[info] Visit this URL on this device to log in:
[info] https://github.com/login/oauth/authorize?client_id=89cf50f02ac6aaed3484&state=148337536&redirect_uri=http%3A%2F%2Flocalhost%3A9005&scope=read%3Auser%20repo%20public_repo
[info] 
[info] Waiting for authentication...
[debug] [2024-04-01T20:44:31.769Z] >>> [apiv2][query] POST https://github.com/login/oauth/access_token [none]
[debug] [2024-04-01T20:44:31.769Z] >>> [apiv2][body] POST https://github.com/login/oauth/access_token [stream]
[debug] [2024-04-01T20:44:33.087Z] <<< [apiv2][status] POST https://github.com/login/oauth/access_token 200
[debug] [2024-04-01T20:44:33.087Z] <<< [apiv2][body] POST https://github.com/login/oauth/access_token {"access_token":"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","token_type":"bearer","scope":"read:user,repo"}
[debug] [2024-04-01T20:44:33.093Z] >>> [apiv2][query] GET https://api.github.com/user [none]
[debug] [2024-04-01T20:44:34.412Z] <<< [apiv2][status] GET https://api.github.com/user 200
[debug] [2024-04-01T20:44:34.412Z] <<< [apiv2][body] GET https://api.github.com/user {"login":"topdeveloper0810","id":149811277,"node_id":"U_kgDOCO3wTQ","avatar_url":"https://avatars.githubusercontent.com/u/149811277?v=4","gravatar_id":"","url":"https://api.github.com/users/topdeveloper0810","html_url":"https://github.com/topdeveloper0810","followers_url":"https://api.github.com/users/topdeveloper0810/followers","following_url":"https://api.github.com/users/topdeveloper0810/following{/other_user}","gists_url":"https://api.github.com/users/topdeveloper0810/gists{/gist_id}","starred_url":"https://api.github.com/users/topdeveloper0810/starred{/owner}{/repo}","subscriptions_url":"https://api.github.com/users/topdeveloper0810/subscriptions","organizations_url":"https://api.github.com/users/topdeveloper0810/orgs","repos_url":"https://api.github.com/users/topdeveloper0810/repos","events_url":"https://api.github.com/users/topdeveloper0810/events{/privacy}","received_events_url":"https://api.github.com/users/topdeveloper0810/received_events","type":"User","site_admin":false,"name":"TopDeveloper0810","company":null,"blog":"","location":null,"email":null,"hireable":null,"bio":null,"twitter_username":null,"public_repos":22,"public_gists":0,"followers":36,"following":278,"created_at":"2023-11-03T15:28:53Z","updated_at":"2024-04-01T20:44:02Z","private_gists":0,"total_private_repos":3,"owned_private_repos":3,"disk_usage":186650,"collaborators":0,"two_factor_authentication":false,"plan":{"name":"free","space":976562499,"collaborators":0,"private_repos":10000}}
[info] 
[info] +  Success! Logged into GitHub as topdeveloper0810 
[info] 
